{"/home/euge/euge-repos/qa-test-jest/index.js": {"path":"/home/euge/euge-repos/qa-test-jest/index.js","statementMap":{"0":{"start":{"line":2,"column":14},"end":{"line":4,"column":1}},"1":{"start":{"line":3,"column":4},"end":{"line":3,"column":16}},"2":{"start":{"line":7,"column":13},"end":{"line":9,"column":1}},"3":{"start":{"line":8,"column":4},"end":{"line":8,"column":31}},"4":{"start":{"line":12,"column":14},"end":{"line":14,"column":1}},"5":{"start":{"line":13,"column":4},"end":{"line":13,"column":33}},"6":{"start":{"line":17,"column":23},"end":{"line":19,"column":1}},"7":{"start":{"line":18,"column":4},"end":{"line":18,"column":29}},"8":{"start":{"line":22,"column":17},"end":{"line":28,"column":1}},"9":{"start":{"line":23,"column":4},"end":{"line":27,"column":5}},"10":{"start":{"line":24,"column":8},"end":{"line":24,"column":43}},"11":{"start":{"line":26,"column":8},"end":{"line":26,"column":35}},"12":{"start":{"line":31,"column":25},"end":{"line":38,"column":1}},"13":{"start":{"line":32,"column":4},"end":{"line":32,"column":56}},"14":{"start":{"line":32,"column":37},"end":{"line":32,"column":56}},"15":{"start":{"line":33,"column":16},"end":{"line":33,"column":18}},"16":{"start":{"line":34,"column":4},"end":{"line":36,"column":5}},"17":{"start":{"line":34,"column":17},"end":{"line":34,"column":18}},"18":{"start":{"line":35,"column":8},"end":{"line":35,"column":37}},"19":{"start":{"line":37,"column":4},"end":{"line":37,"column":16}},"20":{"start":{"line":41,"column":17},"end":{"line":43,"column":1}},"21":{"start":{"line":42,"column":4},"end":{"line":42,"column":36}},"22":{"start":{"line":46,"column":16},"end":{"line":51,"column":1}},"23":{"start":{"line":48,"column":8},"end":{"line":48,"column":21}},"24":{"start":{"line":50,"column":4},"end":{"line":50,"column":37}},"25":{"start":{"line":54,"column":17},"end":{"line":61,"column":1}},"26":{"start":{"line":55,"column":17},"end":{"line":55,"column":31}},"27":{"start":{"line":56,"column":19},"end":{"line":56,"column":46}},"28":{"start":{"line":57,"column":4},"end":{"line":59,"column":5}},"29":{"start":{"line":57,"column":17},"end":{"line":57,"column":18}},"30":{"start":{"line":58,"column":8},"end":{"line":58,"column":30}},"31":{"start":{"line":60,"column":4},"end":{"line":60,"column":18}},"32":{"start":{"line":63,"column":0},"end":{"line":73,"column":2}}},"fnMap":{"0":{"name":"(anonymous_0)","decl":{"start":{"line":2,"column":14},"end":{"line":2,"column":15}},"loc":{"start":{"line":2,"column":25},"end":{"line":4,"column":1}},"line":2},"1":{"name":"(anonymous_1)","decl":{"start":{"line":7,"column":13},"end":{"line":7,"column":14}},"loc":{"start":{"line":7,"column":37},"end":{"line":9,"column":1}},"line":7},"2":{"name":"(anonymous_2)","decl":{"start":{"line":12,"column":14},"end":{"line":12,"column":15}},"loc":{"start":{"line":12,"column":40},"end":{"line":14,"column":1}},"line":12},"3":{"name":"(anonymous_3)","decl":{"start":{"line":17,"column":23},"end":{"line":17,"column":24}},"loc":{"start":{"line":17,"column":45},"end":{"line":19,"column":1}},"line":17},"4":{"name":"(anonymous_4)","decl":{"start":{"line":22,"column":17},"end":{"line":22,"column":18}},"loc":{"start":{"line":22,"column":41},"end":{"line":28,"column":1}},"line":22},"5":{"name":"(anonymous_5)","decl":{"start":{"line":31,"column":25},"end":{"line":31,"column":26}},"loc":{"start":{"line":31,"column":59},"end":{"line":38,"column":1}},"line":31},"6":{"name":"(anonymous_6)","decl":{"start":{"line":41,"column":17},"end":{"line":41,"column":18}},"loc":{"start":{"line":41,"column":38},"end":{"line":43,"column":1}},"line":41},"7":{"name":"(anonymous_7)","decl":{"start":{"line":46,"column":16},"end":{"line":46,"column":17}},"loc":{"start":{"line":46,"column":25},"end":{"line":51,"column":1}},"line":46},"8":{"name":"cuadrado","decl":{"start":{"line":47,"column":13},"end":{"line":47,"column":21}},"loc":{"start":{"line":47,"column":25},"end":{"line":49,"column":5}},"line":47},"9":{"name":"(anonymous_9)","decl":{"start":{"line":54,"column":17},"end":{"line":54,"column":18}},"loc":{"start":{"line":54,"column":39},"end":{"line":61,"column":1}},"line":54}},"branchMap":{"0":{"loc":{"start":{"line":23,"column":4},"end":{"line":27,"column":5}},"type":"if","locations":[{"start":{"line":23,"column":4},"end":{"line":27,"column":5}},{"start":{"line":23,"column":4},"end":{"line":27,"column":5}}],"line":23},"1":{"loc":{"start":{"line":32,"column":4},"end":{"line":32,"column":56}},"type":"if","locations":[{"start":{"line":32,"column":4},"end":{"line":32,"column":56}},{"start":{"line":32,"column":4},"end":{"line":32,"column":56}}],"line":32}},"s":{"0":1,"1":2,"2":1,"3":3,"4":1,"5":2,"6":1,"7":2,"8":1,"9":3,"10":1,"11":2,"12":1,"13":5,"14":1,"15":5,"16":5,"17":5,"18":28,"19":5,"20":1,"21":4,"22":1,"23":4,"24":2,"25":1,"26":3,"27":3,"28":3,"29":3,"30":7,"31":3,"32":1},"f":{"0":2,"1":3,"2":2,"3":2,"4":3,"5":5,"6":4,"7":2,"8":4,"9":3},"b":{"0":[1,2],"1":[1,4]},"_coverageSchema":"1a1c01bbd47fc00a2c39e90264f33305004495a9","hash":"8d766a66b5a575fbaa2fea66c98ad10f6f8fed8b"}
}
