{"/home/euge/euge-repos/qa-test-jest/index.js": {"path":"/home/euge/euge-repos/qa-test-jest/index.js","statementMap":{"0":{"start":{"line":12,"column":14},"end":{"line":14,"column":1}},"1":{"start":{"line":13,"column":4},"end":{"line":13,"column":16}},"2":{"start":{"line":17,"column":13},"end":{"line":19,"column":1}},"3":{"start":{"line":18,"column":4},"end":{"line":18,"column":31}},"4":{"start":{"line":22,"column":14},"end":{"line":24,"column":1}},"5":{"start":{"line":23,"column":4},"end":{"line":23,"column":33}},"6":{"start":{"line":27,"column":23},"end":{"line":29,"column":1}},"7":{"start":{"line":28,"column":4},"end":{"line":28,"column":29}},"8":{"start":{"line":32,"column":17},"end":{"line":38,"column":1}},"9":{"start":{"line":33,"column":4},"end":{"line":37,"column":5}},"10":{"start":{"line":34,"column":8},"end":{"line":34,"column":43}},"11":{"start":{"line":36,"column":8},"end":{"line":36,"column":35}},"12":{"start":{"line":41,"column":25},"end":{"line":48,"column":1}},"13":{"start":{"line":42,"column":4},"end":{"line":42,"column":56}},"14":{"start":{"line":42,"column":37},"end":{"line":42,"column":56}},"15":{"start":{"line":43,"column":16},"end":{"line":43,"column":18}},"16":{"start":{"line":44,"column":4},"end":{"line":46,"column":5}},"17":{"start":{"line":44,"column":17},"end":{"line":44,"column":18}},"18":{"start":{"line":45,"column":8},"end":{"line":45,"column":37}},"19":{"start":{"line":47,"column":4},"end":{"line":47,"column":16}},"20":{"start":{"line":51,"column":17},"end":{"line":53,"column":1}},"21":{"start":{"line":52,"column":4},"end":{"line":52,"column":36}},"22":{"start":{"line":56,"column":16},"end":{"line":61,"column":1}},"23":{"start":{"line":58,"column":8},"end":{"line":58,"column":21}},"24":{"start":{"line":60,"column":4},"end":{"line":60,"column":37}},"25":{"start":{"line":64,"column":17},"end":{"line":71,"column":1}},"26":{"start":{"line":65,"column":17},"end":{"line":65,"column":31}},"27":{"start":{"line":66,"column":19},"end":{"line":66,"column":46}},"28":{"start":{"line":67,"column":4},"end":{"line":69,"column":5}},"29":{"start":{"line":67,"column":17},"end":{"line":67,"column":18}},"30":{"start":{"line":68,"column":8},"end":{"line":68,"column":30}},"31":{"start":{"line":70,"column":4},"end":{"line":70,"column":18}},"32":{"start":{"line":73,"column":0},"end":{"line":83,"column":2}}},"fnMap":{"0":{"name":"(anonymous_0)","decl":{"start":{"line":12,"column":14},"end":{"line":12,"column":15}},"loc":{"start":{"line":12,"column":25},"end":{"line":14,"column":1}},"line":12},"1":{"name":"(anonymous_1)","decl":{"start":{"line":17,"column":13},"end":{"line":17,"column":14}},"loc":{"start":{"line":17,"column":37},"end":{"line":19,"column":1}},"line":17},"2":{"name":"(anonymous_2)","decl":{"start":{"line":22,"column":14},"end":{"line":22,"column":15}},"loc":{"start":{"line":22,"column":40},"end":{"line":24,"column":1}},"line":22},"3":{"name":"(anonymous_3)","decl":{"start":{"line":27,"column":23},"end":{"line":27,"column":24}},"loc":{"start":{"line":27,"column":45},"end":{"line":29,"column":1}},"line":27},"4":{"name":"(anonymous_4)","decl":{"start":{"line":32,"column":17},"end":{"line":32,"column":18}},"loc":{"start":{"line":32,"column":41},"end":{"line":38,"column":1}},"line":32},"5":{"name":"(anonymous_5)","decl":{"start":{"line":41,"column":25},"end":{"line":41,"column":26}},"loc":{"start":{"line":41,"column":59},"end":{"line":48,"column":1}},"line":41},"6":{"name":"(anonymous_6)","decl":{"start":{"line":51,"column":17},"end":{"line":51,"column":18}},"loc":{"start":{"line":51,"column":38},"end":{"line":53,"column":1}},"line":51},"7":{"name":"(anonymous_7)","decl":{"start":{"line":56,"column":16},"end":{"line":56,"column":17}},"loc":{"start":{"line":56,"column":25},"end":{"line":61,"column":1}},"line":56},"8":{"name":"cuadrado","decl":{"start":{"line":57,"column":13},"end":{"line":57,"column":21}},"loc":{"start":{"line":57,"column":25},"end":{"line":59,"column":5}},"line":57},"9":{"name":"(anonymous_9)","decl":{"start":{"line":64,"column":17},"end":{"line":64,"column":18}},"loc":{"start":{"line":64,"column":39},"end":{"line":71,"column":1}},"line":64}},"branchMap":{"0":{"loc":{"start":{"line":33,"column":4},"end":{"line":37,"column":5}},"type":"if","locations":[{"start":{"line":33,"column":4},"end":{"line":37,"column":5}},{"start":{"line":33,"column":4},"end":{"line":37,"column":5}}],"line":33},"1":{"loc":{"start":{"line":42,"column":4},"end":{"line":42,"column":56}},"type":"if","locations":[{"start":{"line":42,"column":4},"end":{"line":42,"column":56}},{"start":{"line":42,"column":4},"end":{"line":42,"column":56}}],"line":42}},"s":{"0":1,"1":1,"2":1,"3":1,"4":1,"5":1,"6":1,"7":1,"8":1,"9":2,"10":1,"11":1,"12":1,"13":2,"14":1,"15":2,"16":2,"17":2,"18":18,"19":2,"20":1,"21":1,"22":1,"23":2,"24":1,"25":1,"26":1,"27":1,"28":1,"29":1,"30":4,"31":1,"32":1},"f":{"0":1,"1":1,"2":1,"3":1,"4":2,"5":2,"6":1,"7":1,"8":2,"9":1},"b":{"0":[1,1],"1":[1,1]},"_coverageSchema":"1a1c01bbd47fc00a2c39e90264f33305004495a9","hash":"471649381aaf0a7b04b2d340622b68991a723ea1"}
}
