TN:
SF:index.js
FN:2,(anonymous_0)
FN:7,(anonymous_1)
FN:12,(anonymous_2)
FN:17,(anonymous_3)
FN:22,(anonymous_4)
FN:31,(anonymous_5)
FN:41,(anonymous_6)
FN:46,(anonymous_7)
FN:47,cuadrado
FN:54,(anonymous_9)
FNF:10
FNH:10
FNDA:1,(anonymous_0)
FNDA:1,(anonymous_1)
FNDA:1,(anonymous_2)
FNDA:1,(anonymous_3)
FNDA:2,(anonymous_4)
FNDA:2,(anonymous_5)
FNDA:1,(anonymous_6)
FNDA:1,(anonymous_7)
FNDA:2,cuadrado
FNDA:1,(anonymous_9)
DA:2,1
DA:3,1
DA:7,1
DA:8,1
DA:12,1
DA:13,1
DA:17,1
DA:18,1
DA:22,1
DA:23,2
DA:24,1
DA:26,1
DA:31,1
DA:32,2
DA:33,2
DA:34,2
DA:35,18
DA:37,2
DA:41,1
DA:42,1
DA:46,1
DA:48,2
DA:50,1
DA:54,1
DA:55,1
DA:56,1
DA:57,1
DA:58,4
DA:60,1
DA:63,1
LF:30
LH:30
BRDA:23,0,0,1
BRDA:23,0,1,1
BRDA:32,1,0,1
BRDA:32,1,1,1
BRF:4
BRH:4
end_of_record
